<?xml version="1.0" encoding="UTF-8"?>
<testng-results ignored="0" total="1" passed="1" failed="0" skipped="0">
  <reporter-output>
  </reporter-output>
  <suite started-at="2024-09-09T23:07:39 IST" name="Default suite" finished-at="2024-09-09T23:07:53 IST" duration-ms="14281">
    <groups>
    </groups>
    <test started-at="2024-09-09T23:07:39 IST" name="Default test" finished-at="2024-09-09T23:07:53 IST" duration-ms="14281">
      <class name="login_module.login_script">
        <test-method is-config="true" signature="setPath()[pri:0, instance:login_module.login_script@32502377]" started-at="2024-09-09T23:07:39 IST" name="setPath" finished-at="2024-09-09T23:07:39 IST" duration-ms="12" status="PASS">
          <reporter-output>
          </reporter-output>
        </test-method> <!-- setPath -->
        <test-method is-config="true" signature="launchBrowser()[pri:0, instance:login_module.login_script@32502377]" started-at="2024-09-09T23:07:39 IST" name="launchBrowser" finished-at="2024-09-09T23:07:47 IST" duration-ms="8338" status="PASS">
          <reporter-output>
          </reporter-output>
        </test-method> <!-- launchBrowser -->
        <test-method signature="loginScript()[pri:0, instance:login_module.login_script@32502377]" started-at="2024-09-09T23:07:47 IST" name="loginScript" finished-at="2024-09-09T23:07:52 IST" duration-ms="5069" status="PASS">
          <reporter-output>
          </reporter-output>
        </test-method> <!-- loginScript -->
        <test-method is-config="true" signature="closeBrowser()[pri:0, instance:login_module.login_script@32502377]" started-at="2024-09-09T23:07:52 IST" name="closeBrowser" finished-at="2024-09-09T23:07:53 IST" duration-ms="793" status="PASS">
          <reporter-output>
          </reporter-output>
        </test-method> <!-- closeBrowser -->
      </class> <!-- login_module.login_script -->
    </test> <!-- Default test -->
  </suite> <!-- Default suite -->
</testng-results>
